[I 2023-11-06 19:51:36,390] Trial 184 finished with value: 0.27069447926206697 and parameters: {'learning_rate_init': 0.04668945784922056, 'hidden_layer_sizes': [5]}. Best is trial 15 with value: 0.21298519029399185.
[I 2023-11-06 19:51:36,463] Trial 180 finished with value: 0.24628108571343144 and parameters: {'learning_rate_init': 0.04721855959161146, 'hidden_layer_sizes': [5]}. Best is trial 15 with value: 0.21298519029399185.
[I 2023-11-06 19:51:36,512] Using an existing study with name 'ANN' instead of creating a new one.
[I 2023-11-06 19:53:25,778] Trial 189 finished with value: 0.294103989608616 and parameters: {'learning_rate_init': 0.051281564919547176, 'hidden_layer_sizes': [5]}. Best is trial 15 with value: 0.21298519029399185.
[I 2023-11-06 19:53:25,842] Trial 188 finished with value: 0.2948441519057671 and parameters: {'learning_rate_init': 0.04668504839984517, 'hidden_layer_sizes': [5]}. Best is trial 15 with value: 0.21298519029399185.
[I 2023-11-06 19:53:26,408] Trial 187 finished with value: 0.2885701134517638 and parameters: {'learning_rate_init': 0.04703570503053892, 'hidden_layer_sizes': [5]}. Best is trial 15 with value: 0.21298519029399185.
[I 2023-11-06 19:53:27,166] Trial 185 finished with value: 0.289529958657422 and parameters: {'learning_rate_init': 0.04901928787092767, 'hidden_layer_sizes': [5]}. Best is trial 15 with value: 0.21298519029399185.
[I 2023-11-06 19:53:28,531] Trial 186 finished with value: 0.2937116329971665 and parameters: {'learning_rate_init': 0.034348968122404774, 'hidden_layer_sizes': [5]}. Best is trial 15 with value: 0.21298519029399185.
[I 2023-11-06 19:53:28,564] Using an existing study with name 'ANN' instead of creating a new one.
[I 2023-11-06 19:53:41,996] Trial 190 finished with value: 0.3201563763339616 and parameters: {'learning_rate_init': 0.04015795020048286, 'hidden_layer_sizes': [5]}. Best is trial 15 with value: 0.21298519029399185.
[I 2023-11-06 19:53:42,562] Trial 193 finished with value: 0.339980414522472 and parameters: {'learning_rate_init': 0.05488797062481529, 'hidden_layer_sizes': [5]}. Best is trial 15 with value: 0.21298519029399185.
[I 2023-11-06 19:53:42,897] Trial 194 finished with value: 0.3422304213337617 and parameters: {'learning_rate_init': 0.050065205557932875, 'hidden_layer_sizes': [5]}. Best is trial 15 with value: 0.21298519029399185.
[I 2023-11-06 19:53:43,172] Trial 192 finished with value: 0.3302096622143564 and parameters: {'learning_rate_init': 0.05530034635242311, 'hidden_layer_sizes': [5]}. Best is trial 15 with value: 0.21298519029399185.
[I 2023-11-06 19:53:43,416] Trial 191 finished with value: 0.3284748988000514 and parameters: {'learning_rate_init': 0.04076956959840989, 'hidden_layer_sizes': [5]}. Best is trial 15 with value: 0.21298519029399185.
[I 2023-11-06 19:53:43,452] Using an existing study with name 'ANN' instead of creating a new one.
[I 2023-11-06 19:53:50,931] Trial 195 finished with value: 0.2358489833020138 and parameters: {'learning_rate_init': 0.016899019255764272, 'hidden_layer_sizes': [10]}. Best is trial 15 with value: 0.21298519029399185.
[I 2023-11-06 19:53:50,946] Trial 197 finished with value: 0.24449703847811619 and parameters: {'learning_rate_init': 0.05245911265739992, 'hidden_layer_sizes': [50, 50]}. Best is trial 15 with value: 0.21298519029399185.
[I 2023-11-06 19:53:50,995] Trial 196 finished with value: 0.2422845625605796 and parameters: {'learning_rate_init': 0.04610016019375014, 'hidden_layer_sizes': [10]}. Best is trial 15 with value: 0.21298519029399185.
[I 2023-11-06 19:53:51,094] Trial 198 finished with value: 0.28715316404474944 and parameters: {'learning_rate_init': 0.05286023532266927, 'hidden_layer_sizes': [50, 50]}. Best is trial 15 with value: 0.21298519029399185.
[I 2023-11-06 19:53:51,151] Trial 199 finished with value: 0.2135141184372085 and parameters: {'learning_rate_init': 0.051603330853451035, 'hidden_layer_sizes': [10]}. Best is trial 15 with value: 0.21298519029399185.
[I 2023-11-06 19:53:51,236] Using an existing study with name 'ANN' instead of creating a new one.
[I 2023-11-06 19:55:31,286] Trial 202 finished with value: 0.2684436492963176 and parameters: {'learning_rate_init': 0.051852159710149726, 'hidden_layer_sizes': [10]}. Best is trial 15 with value: 0.21298519029399185.
[I 2023-11-06 19:55:32,841] Trial 203 finished with value: 0.26754365329019386 and parameters: {'learning_rate_init': 0.05117137596306104, 'hidden_layer_sizes': [10]}. Best is trial 15 with value: 0.21298519029399185.
[I 2023-11-06 19:55:35,725] Trial 204 finished with value: 0.272065561732773 and parameters: {'learning_rate_init': 0.052269462297858824, 'hidden_layer_sizes': [10]}. Best is trial 15 with value: 0.21298519029399185.
[I 2023-11-06 19:55:35,907] Trial 200 finished with value: 0.26490020905641914 and parameters: {'learning_rate_init': 0.051390845066219125, 'hidden_layer_sizes': [10]}. Best is trial 15 with value: 0.21298519029399185.
[I 2023-11-06 19:55:36,579] Trial 201 finished with value: 0.26604524044849276 and parameters: {'learning_rate_init': 0.05243182580088691, 'hidden_layer_sizes': [10]}. Best is trial 15 with value: 0.21298519029399185.
[I 2023-11-06 19:55:36,631] Using an existing study with name 'ANN' instead of creating a new one.
[I 2023-11-06 19:55:50,578] Trial 207 finished with value: 0.3311616695598545 and parameters: {'learning_rate_init': 0.046279138525853886, 'hidden_layer_sizes': [10]}. Best is trial 15 with value: 0.21298519029399185.
[I 2023-11-06 19:55:51,583] Trial 209 finished with value: 0.34438256632090897 and parameters: {'learning_rate_init': 0.04922127559057279, 'hidden_layer_sizes': [10]}. Best is trial 15 with value: 0.21298519029399185.
[I 2023-11-06 19:55:51,676] Trial 206 finished with value: 0.33421781687567714 and parameters: {'learning_rate_init': 0.04733305182906673, 'hidden_layer_sizes': [10]}. Best is trial 15 with value: 0.21298519029399185.
[I 2023-11-06 19:55:51,793] Trial 205 finished with value: 0.3084232758944583 and parameters: {'learning_rate_init': 0.04792451548993038, 'hidden_layer_sizes': [10]}. Best is trial 15 with value: 0.21298519029399185.
[I 2023-11-06 19:55:51,799] Trial 208 finished with value: 0.33142235210548115 and parameters: {'learning_rate_init': 0.0490906347878239, 'hidden_layer_sizes': [10]}. Best is trial 15 with value: 0.21298519029399185.
[I 2023-11-06 19:55:52,039] Using an existing study with name 'ANN' instead of creating a new one.
[I 2023-11-06 19:56:00,180] Trial 211 finished with value: 0.27093991211177065 and parameters: {'learning_rate_init': 0.04567403521730231, 'hidden_layer_sizes': [50, 50]}. Best is trial 15 with value: 0.21298519029399185.
[I 2023-11-06 19:56:00,715] Trial 213 finished with value: 0.26323823223285614 and parameters: {'learning_rate_init': 0.0555855615211511, 'hidden_layer_sizes': [50, 50]}. Best is trial 15 with value: 0.21298519029399185.
[I 2023-11-06 19:56:01,001] Trial 212 finished with value: 0.2503582717068187 and parameters: {'learning_rate_init': 0.0454952318290007, 'hidden_layer_sizes': [50, 50]}. Best is trial 15 with value: 0.21298519029399185.
[I 2023-11-06 19:56:01,002] Trial 214 finished with value: 0.2780129880186575 and parameters: {'learning_rate_init': 0.042150263651565184, 'hidden_layer_sizes': [50, 50]}. Best is trial 15 with value: 0.21298519029399185.
[I 2023-11-06 19:56:01,222] Trial 210 finished with value: 0.2570994362217665 and parameters: {'learning_rate_init': 0.04537226651577718, 'hidden_layer_sizes': [50, 50]}. Best is trial 15 with value: 0.21298519029399185.
[I 2023-11-06 19:56:01,262] Using an existing study with name 'ANN' instead of creating a new one.
[I 2023-11-06 19:57:34,680] Trial 218 finished with value: 0.29120862706404677 and parameters: {'learning_rate_init': 0.016722766986617576, 'hidden_layer_sizes': [10]}. Best is trial 15 with value: 0.21298519029399185.
[I 2023-11-06 19:57:36,931] Trial 215 finished with value: 0.29391645021129614 and parameters: {'learning_rate_init': 0.05365012300995284, 'hidden_layer_sizes': [10, 10, 10]}. Best is trial 15 with value: 0.21298519029399185.
[I 2023-11-06 19:57:38,791] Trial 219 finished with value: 0.2919320396064052 and parameters: {'learning_rate_init': 0.05787118496560939, 'hidden_layer_sizes': [10, 10, 10]}. Best is trial 15 with value: 0.21298519029399185.
[I 2023-11-06 19:57:40,737] Trial 216 finished with value: 0.2954511329463588 and parameters: {'learning_rate_init': 0.028726792306534025, 'hidden_layer_sizes': [10, 10, 10]}. Best is trial 15 with value: 0.21298519029399185.
[I 2023-11-06 19:57:41,380] Trial 217 finished with value: 0.2952690091531703 and parameters: {'learning_rate_init': 0.038244087842061535, 'hidden_layer_sizes': [10, 10, 10]}. Best is trial 15 with value: 0.21298519029399185.
[I 2023-11-06 19:57:41,437] Using an existing study with name 'ANN' instead of creating a new one.
[I 2023-11-06 19:57:56,084] Trial 222 finished with value: 0.34348369167706 and parameters: {'learning_rate_init': 0.0035415480496388037, 'hidden_layer_sizes': [5, 5]}. Best is trial 15 with value: 0.21298519029399185.
[I 2023-11-06 19:57:57,071] Trial 220 finished with value: 0.3283565106556234 and parameters: {'learning_rate_init': 0.004303732370402307, 'hidden_layer_sizes': [5, 5]}. Best is trial 15 with value: 0.21298519029399185.
[I 2023-11-06 19:57:57,259] Trial 224 finished with value: 0.32174382727509226 and parameters: {'learning_rate_init': 0.0041837425988364586, 'hidden_layer_sizes': [5, 5]}. Best is trial 15 with value: 0.21298519029399185.
[I 2023-11-06 19:57:57,312] Trial 221 finished with value: 0.3069129793999388 and parameters: {'learning_rate_init': 0.003447985297109279, 'hidden_layer_sizes': [5, 5]}. Best is trial 15 with value: 0.21298519029399185.
[I 2023-11-06 19:57:57,617] Trial 223 finished with value: 0.325680333528694 and parameters: {'learning_rate_init': 0.0043246217025593985, 'hidden_layer_sizes': [10]}. Best is trial 15 with value: 0.21298519029399185.
[I 2023-11-06 19:57:57,677] Using an existing study with name 'ANN' instead of creating a new one.
[I 2023-11-06 19:58:00,430] Trial 229 finished with value: 4.900171058698777 and parameters: {'learning_rate_init': 0.01173767050989287, 'hidden_layer_sizes': [5]}. Best is trial 15 with value: 0.21298519029399185.
[I 2023-11-06 19:58:01,226] Trial 228 finished with value: 4.011342962690178 and parameters: {'learning_rate_init': 0.006600114199378608, 'hidden_layer_sizes': [5]}. Best is trial 15 with value: 0.21298519029399185.
[I 2023-11-06 19:58:01,270] Trial 225 finished with value: 4.65278896832751 and parameters: {'learning_rate_init': 0.00681217751827491, 'hidden_layer_sizes': [5]}. Best is trial 15 with value: 0.21298519029399185.
[I 2023-11-06 19:58:01,430] Trial 226 finished with value: 3.292075187271156 and parameters: {'learning_rate_init': 0.006738358505947071, 'hidden_layer_sizes': [5]}. Best is trial 15 with value: 0.21298519029399185.
[I 2023-11-06 19:58:01,983] Trial 227 finished with value: 2.928815605616315 and parameters: {'learning_rate_init': 0.0073487417235725515, 'hidden_layer_sizes': [5]}. Best is trial 15 with value: 0.21298519029399185.
[I 2023-11-06 19:58:02,024] Using an existing study with name 'ANN' instead of creating a new one.
[I 2023-11-06 19:58:53,847] Trial 234 finished with value: 0.266803631178873 and parameters: {'learning_rate_init': 0.04272577739966397, 'hidden_layer_sizes': [10, 10]}. Best is trial 15 with value: 0.21298519029399185.
[I 2023-11-06 19:58:56,675] Trial 232 finished with value: 0.2651448862877441 and parameters: {'learning_rate_init': 0.009885798049736268, 'hidden_layer_sizes': [10, 10]}. Best is trial 15 with value: 0.21298519029399185.
[I 2023-11-06 19:58:57,351] Trial 233 finished with value: 0.26782382311624003 and parameters: {'learning_rate_init': 0.014022097786603637, 'hidden_layer_sizes': [10, 10]}. Best is trial 15 with value: 0.21298519029399185.
[I 2023-11-06 19:59:00,076] Trial 230 finished with value: 0.2606626283222209 and parameters: {'learning_rate_init': 0.042843041429692905, 'hidden_layer_sizes': [10, 10]}. Best is trial 15 with value: 0.21298519029399185.
[I 2023-11-06 19:59:00,456] Trial 231 finished with value: 0.2621446472570378 and parameters: {'learning_rate_init': 0.04283633856213333, 'hidden_layer_sizes': [10]}. Best is trial 15 with value: 0.21298519029399185.
[I 2023-11-06 19:59:00,517] Using an existing study with name 'ANN' instead of creating a new one.
[I 2023-11-06 19:59:05,396] Trial 236 finished with value: 2.249749093222164 and parameters: {'learning_rate_init': 0.011396531222868291, 'hidden_layer_sizes': [5, 5, 5]}. Best is trial 15 with value: 0.21298519029399185.
[I 2023-11-06 19:59:05,797] Trial 237 finished with value: 2.1719985066122582 and parameters: {'learning_rate_init': 0.01780252366449828, 'hidden_layer_sizes': [5, 5, 5]}. Best is trial 15 with value: 0.21298519029399185.
[I 2023-11-06 19:59:05,868] Trial 235 finished with value: 2.606889664436043 and parameters: {'learning_rate_init': 0.011714038611104826, 'hidden_layer_sizes': [5, 5, 5]}. Best is trial 15 with value: 0.21298519029399185.
[I 2023-11-06 19:59:06,074] Trial 238 finished with value: 2.285257124636795 and parameters: {'learning_rate_init': 0.012225003247565654, 'hidden_layer_sizes': [20]}. Best is trial 15 with value: 0.21298519029399185.
[I 2023-11-06 19:59:06,185] Trial 239 finished with value: 1.9769835989146785 and parameters: {'learning_rate_init': 0.012203336024221356, 'hidden_layer_sizes': [5, 5, 5]}. Best is trial 15 with value: 0.21298519029399185.
[I 2023-11-06 19:59:06,268] Using an existing study with name 'ANN' instead of creating a new one.
[I 2023-11-06 19:59:09,599] Trial 244 finished with value: 4.627519864472912 and parameters: {'learning_rate_init': 0.03175672252818722, 'hidden_layer_sizes': [50, 50]}. Best is trial 15 with value: 0.21298519029399185.
[I 2023-11-06 19:59:10,630] Trial 242 finished with value: 4.816025292783517 and parameters: {'learning_rate_init': 0.00931796667421081, 'hidden_layer_sizes': [50, 50]}. Best is trial 15 with value: 0.21298519029399185.
[I 2023-11-06 19:59:10,657] Trial 241 finished with value: 4.790384973397544 and parameters: {'learning_rate_init': 0.03183810029588677, 'hidden_layer_sizes': [50, 50]}. Best is trial 15 with value: 0.21298519029399185.
[I 2023-11-06 19:59:10,928] Trial 243 finished with value: 4.400602968996469 and parameters: {'learning_rate_init': 0.027683360614130997, 'hidden_layer_sizes': [50, 50]}. Best is trial 15 with value: 0.21298519029399185.
[I 2023-11-06 19:59:11,339] Trial 240 finished with value: 3.0949406538761117 and parameters: {'learning_rate_init': 0.04931528031709137, 'hidden_layer_sizes': [50, 50]}. Best is trial 15 with value: 0.21298519029399185.
[I 2023-11-06 19:59:11,392] Using an existing study with name 'ANN' instead of creating a new one.
[I 2023-11-06 20:00:10,959] Trial 249 finished with value: 0.2633742715208016 and parameters: {'learning_rate_init': 0.04505446919066298, 'hidden_layer_sizes': [10]}. Best is trial 15 with value: 0.21298519029399185.
[I 2023-11-06 20:00:14,390] Trial 245 finished with value: 0.2479005785087135 and parameters: {'learning_rate_init': 0.04545686749436303, 'hidden_layer_sizes': [10]}. Best is trial 15 with value: 0.21298519029399185.
[I 2023-11-06 20:00:15,319] Trial 246 finished with value: 0.251923916038877 and parameters: {'learning_rate_init': 0.04555131142360501, 'hidden_layer_sizes': [10]}. Best is trial 15 with value: 0.21298519029399185.
[I 2023-11-06 20:00:15,912] Trial 247 finished with value: 0.25139388861661044 and parameters: {'learning_rate_init': 0.04542043907310957, 'hidden_layer_sizes': [10]}. Best is trial 15 with value: 0.21298519029399185.
[I 2023-11-06 20:00:16,775] Trial 248 finished with value: 0.24913771472252513 and parameters: {'learning_rate_init': 0.04519034260165849, 'hidden_layer_sizes': [10]}. Best is trial 15 with value: 0.21298519029399185.
[I 2023-11-06 20:00:16,822] Using an existing study with name 'ANN' instead of creating a new one.
[I 2023-11-06 20:00:20,966] Trial 252 finished with value: 1.8977153354775034 and parameters: {'learning_rate_init': 0.04785079715505001, 'hidden_layer_sizes': [10]}. Best is trial 15 with value: 0.21298519029399185.
[I 2023-11-06 20:00:22,221] Trial 253 finished with value: 1.6773809543245306 and parameters: {'learning_rate_init': 0.04808313902251705, 'hidden_layer_sizes': [10]}. Best is trial 15 with value: 0.21298519029399185.
[I 2023-11-06 20:00:22,559] Trial 250 finished with value: 1.4387366704150215 and parameters: {'learning_rate_init': 0.04781416139759955, 'hidden_layer_sizes': [10]}. Best is trial 15 with value: 0.21298519029399185.
[I 2023-11-06 20:00:22,623] Trial 251 finished with value: 2.115531447482383 and parameters: {'learning_rate_init': 0.04769517727532729, 'hidden_layer_sizes': [10]}. Best is trial 15 with value: 0.21298519029399185.
[I 2023-11-06 20:00:22,646] Trial 254 finished with value: 1.9215320169920125 and parameters: {'learning_rate_init': 0.04847335904433363, 'hidden_layer_sizes': [10]}. Best is trial 15 with value: 0.21298519029399185.
[I 2023-11-06 20:00:22,767] Using an existing study with name 'ANN' instead of creating a new one.
[I 2023-11-06 20:00:26,585] Trial 257 finished with value: 4.480962858114142 and parameters: {'learning_rate_init': 0.05084892627279773, 'hidden_layer_sizes': [10]}. Best is trial 15 with value: 0.21298519029399185.
[I 2023-11-06 20:00:26,919] Trial 255 finished with value: 4.180829211829939 and parameters: {'learning_rate_init': 0.038374399839126404, 'hidden_layer_sizes': [20, 20]}. Best is trial 15 with value: 0.21298519029399185.
[I 2023-11-06 20:00:27,121] Trial 258 finished with value: 4.132674449294631 and parameters: {'learning_rate_init': 0.05108327877189897, 'hidden_layer_sizes': [10]}. Best is trial 15 with value: 0.21298519029399185.
[I 2023-11-06 20:00:27,342] Trial 259 finished with value: 3.4345460473775145 and parameters: {'learning_rate_init': 0.04072305179202218, 'hidden_layer_sizes': [20, 20]}. Best is trial 15 with value: 0.21298519029399185.
[I 2023-11-06 20:00:27,495] Trial 256 finished with value: 3.118495142918382 and parameters: {'learning_rate_init': 0.05047745293276652, 'hidden_layer_sizes': [20, 20]}. Best is trial 15 with value: 0.21298519029399185.
[I 2023-11-06 20:00:27,541] Using an existing study with name 'ANN' instead of creating a new one.
[I 2023-11-06 20:01:21,690] Trial 264 finished with value: 0.27018804902080706 and parameters: {'learning_rate_init': 0.03018122782179776, 'hidden_layer_sizes': [5]}. Best is trial 15 with value: 0.21298519029399185.
[I 2023-11-06 20:01:24,716] Trial 262 finished with value: 0.25865330159066446 and parameters: {'learning_rate_init': 0.03532597793552112, 'hidden_layer_sizes': [5]}. Best is trial 15 with value: 0.21298519029399185.
[I 2023-11-06 20:01:25,135] Trial 261 finished with value: 0.2667094271801558 and parameters: {'learning_rate_init': 0.07364746794734925, 'hidden_layer_sizes': [5]}. Best is trial 15 with value: 0.21298519029399185.
[I 2023-11-06 20:01:25,230] Trial 260 finished with value: 0.26114583263588015 and parameters: {'learning_rate_init': 0.008405450237469199, 'hidden_layer_sizes': [5]}. Best is trial 15 with value: 0.21298519029399185.
[I 2023-11-06 20:01:25,836] Trial 263 finished with value: 0.2669554551372033 and parameters: {'learning_rate_init': 0.03743085744420629, 'hidden_layer_sizes': [5]}. Best is trial 15 with value: 0.21298519029399185.
[I 2023-11-06 20:01:25,908] Using an existing study with name 'ANN' instead of creating a new one.
[I 2023-11-06 20:01:31,985] Trial 267 finished with value: 2.2082784761494154 and parameters: {'learning_rate_init': 0.03411933275900745, 'hidden_layer_sizes': [10, 10, 10]}. Best is trial 15 with value: 0.21298519029399185.
[I 2023-11-06 20:01:33,324] Trial 265 finished with value: 1.748355098939031 and parameters: {'learning_rate_init': 0.05407722854994903, 'hidden_layer_sizes': [20]}. Best is trial 15 with value: 0.21298519029399185.
[I 2023-11-06 20:01:33,811] Trial 269 finished with value: 1.411121806517877 and parameters: {'learning_rate_init': 0.0535263752701301, 'hidden_layer_sizes': [20]}. Best is trial 15 with value: 0.21298519029399185.
[I 2023-11-06 20:01:33,993] Trial 268 finished with value: 1.8071717976197423 and parameters: {'learning_rate_init': 0.014325168764925629, 'hidden_layer_sizes': [20]}. Best is trial 15 with value: 0.21298519029399185.
[I 2023-11-06 20:01:34,202] Trial 266 finished with value: 1.3161233765436056 and parameters: {'learning_rate_init': 0.014847753308398302, 'hidden_layer_sizes': [20]}. Best is trial 15 with value: 0.21298519029399185.
[I 2023-11-06 20:01:34,249] Using an existing study with name 'ANN' instead of creating a new one.
[I 2023-11-06 20:01:41,096] Trial 273 finished with value: 0.2504731637226846 and parameters: {'learning_rate_init': 0.005287887727986383, 'hidden_layer_sizes': [10]}. Best is trial 15 with value: 0.21298519029399185.
[I 2023-11-06 20:01:41,341] Trial 272 finished with value: 0.2508720403353088 and parameters: {'learning_rate_init': 0.0057322225075413374, 'hidden_layer_sizes': [10]}. Best is trial 15 with value: 0.21298519029399185.
[I 2023-11-06 20:01:41,468] Trial 271 finished with value: 0.2739368961548055 and parameters: {'learning_rate_init': 0.005771424785213102, 'hidden_layer_sizes': [10]}. Best is trial 15 with value: 0.21298519029399185.
[I 2023-11-06 20:01:41,595] Trial 274 finished with value: 0.275329637847178 and parameters: {'learning_rate_init': 0.005163975336769874, 'hidden_layer_sizes': [10]}. Best is trial 15 with value: 0.21298519029399185.
