[I 2023-11-06 19:42:19,732] Trial 94 finished with value: 0.2648596876074055 and parameters: {'learning_rate_init': 0.008620689895614892, 'hidden_layer_sizes': [10]}. Best is trial 15 with value: 0.21298519029399185.
[I 2023-11-06 19:42:19,854] Trial 93 finished with value: 0.23586420491903956 and parameters: {'learning_rate_init': 0.009590129595176354, 'hidden_layer_sizes': [10]}. Best is trial 15 with value: 0.21298519029399185.
[I 2023-11-06 19:42:19,950] Trial 91 finished with value: 0.2578530929999137 and parameters: {'learning_rate_init': 0.00974221147038321, 'hidden_layer_sizes': [10]}. Best is trial 15 with value: 0.21298519029399185.
[I 2023-11-06 19:42:19,974] Using an existing study with name 'ANN' instead of creating a new one.
[I 2023-11-06 19:43:57,153] Trial 99 finished with value: 0.28747868712843433 and parameters: {'learning_rate_init': 0.014574644588555626, 'hidden_layer_sizes': [10]}. Best is trial 15 with value: 0.21298519029399185.
[I 2023-11-06 19:43:58,912] Trial 95 finished with value: 0.29099482464278364 and parameters: {'learning_rate_init': 0.013256227098600255, 'hidden_layer_sizes': [10]}. Best is trial 15 with value: 0.21298519029399185.
[I 2023-11-06 19:43:58,986] Trial 98 finished with value: 0.2947799901120443 and parameters: {'learning_rate_init': 0.01423903919158865, 'hidden_layer_sizes': [10]}. Best is trial 15 with value: 0.21298519029399185.
[I 2023-11-06 19:43:59,799] Trial 96 finished with value: 0.2906536860503483 and parameters: {'learning_rate_init': 0.01421100659175427, 'hidden_layer_sizes': [5, 5]}. Best is trial 15 with value: 0.21298519029399185.
[I 2023-11-06 19:44:00,680] Trial 97 finished with value: 0.29247249659198143 and parameters: {'learning_rate_init': 0.014926340149480605, 'hidden_layer_sizes': [10]}. Best is trial 15 with value: 0.21298519029399185.
[I 2023-11-06 19:44:00,700] Using an existing study with name 'ANN' instead of creating a new one.
[I 2023-11-06 19:44:13,750] Trial 101 finished with value: 0.32774171028315274 and parameters: {'learning_rate_init': 0.00963801158319503, 'hidden_layer_sizes': [5, 5]}. Best is trial 15 with value: 0.21298519029399185.
[I 2023-11-06 19:44:13,999] Trial 100 finished with value: 0.33771337249853767 and parameters: {'learning_rate_init': 0.00898075608290767, 'hidden_layer_sizes': [5, 5]}. Best is trial 15 with value: 0.21298519029399185.
[I 2023-11-06 19:44:14,233] Trial 103 finished with value: 0.32565883885167896 and parameters: {'learning_rate_init': 0.009820845641024098, 'hidden_layer_sizes': [5, 5]}. Best is trial 15 with value: 0.21298519029399185.
[I 2023-11-06 19:44:14,647] Trial 102 finished with value: 0.3220999793483686 and parameters: {'learning_rate_init': 0.008916068950766874, 'hidden_layer_sizes': [5, 5]}. Best is trial 15 with value: 0.21298519029399185.
[I 2023-11-06 19:44:14,869] Trial 104 finished with value: 0.31297014494687736 and parameters: {'learning_rate_init': 0.009976653003219201, 'hidden_layer_sizes': [5, 5]}. Best is trial 15 with value: 0.21298519029399185.
[I 2023-11-06 19:44:14,892] Using an existing study with name 'ANN' instead of creating a new one.
[I 2023-11-06 19:44:22,908] Trial 109 finished with value: 0.23609781753011813 and parameters: {'learning_rate_init': 0.011864629177891764, 'hidden_layer_sizes': [5, 5, 5]}. Best is trial 15 with value: 0.21298519029399185.
[I 2023-11-06 19:44:23,115] Trial 106 finished with value: 0.24636303083023692 and parameters: {'learning_rate_init': 0.012791731663684958, 'hidden_layer_sizes': [5, 5, 5]}. Best is trial 15 with value: 0.21298519029399185.
[I 2023-11-06 19:44:23,142] Trial 105 finished with value: 0.24917136612712829 and parameters: {'learning_rate_init': 0.012578421556938687, 'hidden_layer_sizes': [10, 10, 10]}. Best is trial 15 with value: 0.21298519029399185.
[I 2023-11-06 19:44:23,270] Trial 107 finished with value: 0.23813147035236168 and parameters: {'learning_rate_init': 0.01184238213237861, 'hidden_layer_sizes': [10, 10, 10]}. Best is trial 15 with value: 0.21298519029399185.
[I 2023-11-06 19:44:23,401] Trial 108 finished with value: 0.24939119043801206 and parameters: {'learning_rate_init': 0.012336883337802815, 'hidden_layer_sizes': [5, 5, 5]}. Best is trial 15 with value: 0.21298519029399185.
[I 2023-11-06 19:44:23,424] Using an existing study with name 'ANN' instead of creating a new one.
[I 2023-11-06 19:46:05,028] Trial 112 finished with value: 0.268927572331133 and parameters: {'learning_rate_init': 0.02196380298873274, 'hidden_layer_sizes': [5, 5, 5]}. Best is trial 15 with value: 0.21298519029399185.
[I 2023-11-06 19:46:05,414] Trial 113 finished with value: 0.26495974977805964 and parameters: {'learning_rate_init': 0.01866597642634453, 'hidden_layer_sizes': [5, 5, 5]}. Best is trial 15 with value: 0.21298519029399185.
[I 2023-11-06 19:46:07,583] Trial 110 finished with value: 0.26535595673395024 and parameters: {'learning_rate_init': 0.01957648040448807, 'hidden_layer_sizes': [10, 10, 10]}. Best is trial 15 with value: 0.21298519029399185.
[I 2023-11-06 19:46:08,159] Trial 114 finished with value: 0.2672628583320682 and parameters: {'learning_rate_init': 0.019119967601835222, 'hidden_layer_sizes': [5, 5, 5]}. Best is trial 15 with value: 0.21298519029399185.
[I 2023-11-06 19:46:08,478] Trial 111 finished with value: 0.27011205878581096 and parameters: {'learning_rate_init': 0.01908540582720918, 'hidden_layer_sizes': [5, 5, 5]}. Best is trial 15 with value: 0.21298519029399185.
[I 2023-11-06 19:46:08,503] Using an existing study with name 'ANN' instead of creating a new one.
[I 2023-11-06 19:46:21,476] Trial 117 finished with value: 0.32785029125727716 and parameters: {'learning_rate_init': 0.016282637704779113, 'hidden_layer_sizes': [10, 10, 10]}. Best is trial 15 with value: 0.21298519029399185.
[I 2023-11-06 19:46:21,591] Trial 118 finished with value: 0.3215315549769883 and parameters: {'learning_rate_init': 0.01577430328720216, 'hidden_layer_sizes': [10, 10, 10]}. Best is trial 15 with value: 0.21298519029399185.
[I 2023-11-06 19:46:21,799] Trial 116 finished with value: 0.3275505284109325 and parameters: {'learning_rate_init': 0.007895529720863603, 'hidden_layer_sizes': [10, 10, 10]}. Best is trial 15 with value: 0.21298519029399185.
[I 2023-11-06 19:46:21,910] Trial 115 finished with value: 0.3149555383539498 and parameters: {'learning_rate_init': 0.01587752204140233, 'hidden_layer_sizes': [5, 5, 5]}. Best is trial 15 with value: 0.21298519029399185.
[I 2023-11-06 19:46:22,409] Trial 119 finished with value: 0.3051555430973784 and parameters: {'learning_rate_init': 0.01644432693622866, 'hidden_layer_sizes': [10, 10, 10]}. Best is trial 15 with value: 0.21298519029399185.
[I 2023-11-06 19:46:22,432] Using an existing study with name 'ANN' instead of creating a new one.
[I 2023-11-06 19:46:30,644] Trial 124 finished with value: 0.2603609713868973 and parameters: {'learning_rate_init': 0.012572525350488748, 'hidden_layer_sizes': [50, 50]}. Best is trial 15 with value: 0.21298519029399185.
[I 2023-11-06 19:46:30,844] Trial 122 finished with value: 0.28622194885084945 and parameters: {'learning_rate_init': 0.01128607408915399, 'hidden_layer_sizes': [50, 50]}. Best is trial 15 with value: 0.21298519029399185.
[I 2023-11-06 19:46:31,058] Trial 123 finished with value: 0.2731516669185759 and parameters: {'learning_rate_init': 0.011809103704077258, 'hidden_layer_sizes': [50, 50]}. Best is trial 15 with value: 0.21298519029399185.
[I 2023-11-06 19:46:31,116] Trial 120 finished with value: 0.24686033788438147 and parameters: {'learning_rate_init': 0.048491374718555275, 'hidden_layer_sizes': [50, 50]}. Best is trial 15 with value: 0.21298519029399185.
[I 2023-11-06 19:46:31,183] Trial 121 finished with value: 0.27302446499513294 and parameters: {'learning_rate_init': 0.011580015365257879, 'hidden_layer_sizes': [20, 20]}. Best is trial 15 with value: 0.21298519029399185.
[I 2023-11-06 19:46:31,232] Using an existing study with name 'ANN' instead of creating a new one.
[I 2023-11-06 19:48:04,740] Trial 125 finished with value: 0.2928713753879777 and parameters: {'learning_rate_init': 0.05730756112865666, 'hidden_layer_sizes': [50, 50, 50]}. Best is trial 15 with value: 0.21298519029399185.
[I 2023-11-06 19:48:04,922] Trial 128 finished with value: 0.29157945280745046 and parameters: {'learning_rate_init': 0.050373744991666955, 'hidden_layer_sizes': [50, 50, 50]}. Best is trial 15 with value: 0.21298519029399185.
[I 2023-11-06 19:48:06,451] Trial 126 finished with value: 0.2883700982608642 and parameters: {'learning_rate_init': 0.04770304726160807, 'hidden_layer_sizes': [50, 50, 50]}. Best is trial 15 with value: 0.21298519029399185.
[I 2023-11-06 19:48:06,821] Trial 127 finished with value: 0.29101516211739537 and parameters: {'learning_rate_init': 0.04999481809927882, 'hidden_layer_sizes': [50, 50, 50]}. Best is trial 15 with value: 0.21298519029399185.
[I 2023-11-06 19:48:07,727] Trial 129 finished with value: 0.29250608433217784 and parameters: {'learning_rate_init': 0.04394549248287205, 'hidden_layer_sizes': [50, 50, 50]}. Best is trial 15 with value: 0.21298519029399185.
[I 2023-11-06 19:48:07,752] Using an existing study with name 'ANN' instead of creating a new one.
[I 2023-11-06 19:48:22,767] Trial 130 finished with value: 0.3573895385674178 and parameters: {'learning_rate_init': 0.005487666570235558, 'hidden_layer_sizes': [50, 50]}. Best is trial 15 with value: 0.21298519029399185.
[I 2023-11-06 19:48:23,664] Trial 132 finished with value: 0.3485169084786925 and parameters: {'learning_rate_init': 0.007673559822471257, 'hidden_layer_sizes': [50, 50]}. Best is trial 15 with value: 0.21298519029399185.
[I 2023-11-06 19:48:23,804] Trial 134 finished with value: 0.3288769246996486 and parameters: {'learning_rate_init': 0.0054435130337292265, 'hidden_layer_sizes': [50, 50]}. Best is trial 15 with value: 0.21298519029399185.
[I 2023-11-06 19:48:23,985] Trial 133 finished with value: 0.3312396459835423 and parameters: {'learning_rate_init': 0.005414420420707878, 'hidden_layer_sizes': [50, 50]}. Best is trial 15 with value: 0.21298519029399185.
[I 2023-11-06 19:48:24,201] Trial 131 finished with value: 0.3333960888001282 and parameters: {'learning_rate_init': 0.0030818090026031152, 'hidden_layer_sizes': [50, 50]}. Best is trial 15 with value: 0.21298519029399185.
[I 2023-11-06 19:48:24,226] Using an existing study with name 'ANN' instead of creating a new one.
[I 2023-11-06 19:48:26,426] Trial 135 finished with value: 3.871204250503935 and parameters: {'learning_rate_init': 0.007756168887200794, 'hidden_layer_sizes': [10]}. Best is trial 15 with value: 0.21298519029399185.
[I 2023-11-06 19:48:27,380] Trial 136 finished with value: 5.051027933190846 and parameters: {'learning_rate_init': 0.012809713568126808, 'hidden_layer_sizes': [10]}. Best is trial 15 with value: 0.21298519029399185.
[I 2023-11-06 19:48:27,821] Trial 137 finished with value: 4.1816815821129945 and parameters: {'learning_rate_init': 0.030808634576628444, 'hidden_layer_sizes': [10]}. Best is trial 15 with value: 0.21298519029399185.
[I 2023-11-06 19:48:27,898] Trial 139 finished with value: 4.088204605601757 and parameters: {'learning_rate_init': 0.007457798328471198, 'hidden_layer_sizes': [10]}. Best is trial 15 with value: 0.21298519029399185.
[I 2023-11-06 19:48:28,349] Trial 138 finished with value: 2.891593385037185 and parameters: {'learning_rate_init': 0.03149596501864038, 'hidden_layer_sizes': [10]}. Best is trial 15 with value: 0.21298519029399185.
[I 2023-11-06 19:48:28,376] Using an existing study with name 'ANN' instead of creating a new one.
[I 2023-11-06 19:49:14,430] Trial 141 finished with value: 0.26638839040119094 and parameters: {'learning_rate_init': 0.0026251379296008256, 'hidden_layer_sizes': [10, 10, 10]}. Best is trial 15 with value: 0.21298519029399185.
[I 2023-11-06 19:49:14,804] Trial 142 finished with value: 0.26193072346291246 and parameters: {'learning_rate_init': 0.002600761176797365, 'hidden_layer_sizes': [10, 10, 10]}. Best is trial 15 with value: 0.21298519029399185.
[I 2023-11-06 19:49:15,368] Trial 144 finished with value: 0.26319216397647377 and parameters: {'learning_rate_init': 0.0025356012053992117, 'hidden_layer_sizes': [10, 10, 10]}. Best is trial 15 with value: 0.21298519029399185.
[I 2023-11-06 19:49:16,632] Trial 140 finished with value: 0.2609882590186978 and parameters: {'learning_rate_init': 0.025849232493516866, 'hidden_layer_sizes': [10, 10, 10]}. Best is trial 15 with value: 0.21298519029399185.
[I 2023-11-06 19:49:19,991] Trial 143 finished with value: 0.2631138670712317 and parameters: {'learning_rate_init': 0.025097200149774235, 'hidden_layer_sizes': [10, 10, 10]}. Best is trial 15 with value: 0.21298519029399185.
[I 2023-11-06 19:49:20,031] Using an existing study with name 'ANN' instead of creating a new one.
[I 2023-11-06 19:49:24,824] Trial 147 finished with value: 1.681607277630561 and parameters: {'learning_rate_init': 0.013181646061141408, 'hidden_layer_sizes': [5, 5, 5]}. Best is trial 15 with value: 0.21298519029399185.
[I 2023-11-06 19:49:24,893] Trial 145 finished with value: 2.895875016174831 and parameters: {'learning_rate_init': 0.012933470262638776, 'hidden_layer_sizes': [5, 5, 5]}. Best is trial 15 with value: 0.21298519029399185.
[I 2023-11-06 19:49:25,106] Trial 148 finished with value: 1.9739972848013192 and parameters: {'learning_rate_init': 0.010275048135720576, 'hidden_layer_sizes': [5, 5, 5]}. Best is trial 15 with value: 0.21298519029399185.
[I 2023-11-06 19:49:25,444] Trial 149 finished with value: 1.9468533730345638 and parameters: {'learning_rate_init': 0.012754760316403593, 'hidden_layer_sizes': [5, 5, 5]}. Best is trial 15 with value: 0.21298519029399185.
[I 2023-11-06 19:49:25,537] Trial 146 finished with value: 1.7773468633960665 and parameters: {'learning_rate_init': 0.012929607752515641, 'hidden_layer_sizes': [5, 5, 5]}. Best is trial 15 with value: 0.21298519029399185.
[I 2023-11-06 19:49:25,577] Using an existing study with name 'ANN' instead of creating a new one.
[I 2023-11-06 19:49:27,757] Trial 153 finished with value: 4.936792965703183 and parameters: {'learning_rate_init': 0.009596926537742384, 'hidden_layer_sizes': [20]}. Best is trial 15 with value: 0.21298519029399185.
[I 2023-11-06 19:49:28,224] Trial 154 finished with value: 4.820370610727282 and parameters: {'learning_rate_init': 0.021115454086866166, 'hidden_layer_sizes': [20]}. Best is trial 15 with value: 0.21298519029399185.
[I 2023-11-06 19:49:28,536] Trial 150 finished with value: 3.8145452564074525 and parameters: {'learning_rate_init': 0.03583767150380179, 'hidden_layer_sizes': [20]}. Best is trial 15 with value: 0.21298519029399185.
[I 2023-11-06 19:49:29,056] Trial 152 finished with value: 3.150598540304726 and parameters: {'learning_rate_init': 0.021666595482924697, 'hidden_layer_sizes': [20]}. Best is trial 15 with value: 0.21298519029399185.
[I 2023-11-06 19:49:29,156] Trial 151 finished with value: 2.462399439591817 and parameters: {'learning_rate_init': 0.021098861083842884, 'hidden_layer_sizes': [20]}. Best is trial 15 with value: 0.21298519029399185.
[I 2023-11-06 19:49:29,200] Using an existing study with name 'ANN' instead of creating a new one.
[I 2023-11-06 19:50:15,045] Trial 155 finished with value: 0.24924303339816248 and parameters: {'learning_rate_init': 0.0071413387554809605, 'hidden_layer_sizes': [5]}. Best is trial 15 with value: 0.21298519029399185.
[I 2023-11-06 19:50:16,061] Trial 159 finished with value: 0.24681669777072815 and parameters: {'learning_rate_init': 0.004856110463548453, 'hidden_layer_sizes': [5]}. Best is trial 15 with value: 0.21298519029399185.
[I 2023-11-06 19:50:17,777] Trial 156 finished with value: 0.2506166657799043 and parameters: {'learning_rate_init': 0.005068056650004543, 'hidden_layer_sizes': [5]}. Best is trial 15 with value: 0.21298519029399185.
[I 2023-11-06 19:50:17,861] Trial 158 finished with value: 0.24489776388379067 and parameters: {'learning_rate_init': 0.004664258308429711, 'hidden_layer_sizes': [5]}. Best is trial 15 with value: 0.21298519029399185.
[I 2023-11-06 19:50:19,181] Trial 157 finished with value: 0.2520646607903757 and parameters: {'learning_rate_init': 0.00704759467879529, 'hidden_layer_sizes': [5]}. Best is trial 15 with value: 0.21298519029399185.
[I 2023-11-06 19:50:19,228] Using an existing study with name 'ANN' instead of creating a new one.
[I 2023-11-06 19:50:22,914] Trial 163 finished with value: 1.9201049489699666 and parameters: {'learning_rate_init': 0.004686222544075582, 'hidden_layer_sizes': [5]}. Best is trial 15 with value: 0.21298519029399185.
[I 2023-11-06 19:50:23,703] Trial 160 finished with value: 1.8089879614228916 and parameters: {'learning_rate_init': 0.003954761841647095, 'hidden_layer_sizes': [5]}. Best is trial 15 with value: 0.21298519029399185.
[I 2023-11-06 19:50:23,706] Trial 162 finished with value: 2.457438542440315 and parameters: {'learning_rate_init': 0.0010535233069207586, 'hidden_layer_sizes': [5]}. Best is trial 15 with value: 0.21298519029399185.
[I 2023-11-06 19:50:23,933] Trial 164 finished with value: 1.696232393856951 and parameters: {'learning_rate_init': 0.0010562653449898624, 'hidden_layer_sizes': [5]}. Best is trial 15 with value: 0.21298519029399185.
[I 2023-11-06 19:50:24,902] Trial 161 finished with value: 1.6521745937573467 and parameters: {'learning_rate_init': 0.00438820877745723, 'hidden_layer_sizes': [5]}. Best is trial 15 with value: 0.21298519029399185.
[I 2023-11-06 19:50:24,936] Using an existing study with name 'ANN' instead of creating a new one.
[I 2023-11-06 19:50:29,439] Trial 169 finished with value: 2.880502541243652 and parameters: {'learning_rate_init': 0.008742178409807597, 'hidden_layer_sizes': [10, 10]}. Best is trial 15 with value: 0.21298519029399185.
[I 2023-11-06 19:50:29,569] Trial 168 finished with value: 4.241247474968662 and parameters: {'learning_rate_init': 0.008321582811962566, 'hidden_layer_sizes': [10, 10]}. Best is trial 15 with value: 0.21298519029399185.
[I 2023-11-06 19:50:29,742] Trial 167 finished with value: 4.6434077474204 and parameters: {'learning_rate_init': 0.008716768829812021, 'hidden_layer_sizes': [5]}. Best is trial 15 with value: 0.21298519029399185.
[I 2023-11-06 19:50:29,920] Trial 166 finished with value: 2.914595302152605 and parameters: {'learning_rate_init': 0.008481801564212282, 'hidden_layer_sizes': [10, 10]}. Best is trial 15 with value: 0.21298519029399185.
[I 2023-11-06 19:50:30,687] Trial 165 finished with value: 2.8189560060274537 and parameters: {'learning_rate_init': 0.008568347707951429, 'hidden_layer_sizes': [10, 10]}. Best is trial 15 with value: 0.21298519029399185.
[I 2023-11-06 19:50:30,718] Using an existing study with name 'ANN' instead of creating a new one.
[I 2023-11-06 19:51:17,364] Trial 170 finished with value: 0.25924709091723924 and parameters: {'learning_rate_init': 0.006465548342243265, 'hidden_layer_sizes': [5, 5]}. Best is trial 15 with value: 0.21298519029399185.
[I 2023-11-06 19:51:17,589] Trial 172 finished with value: 0.27280497131845816 and parameters: {'learning_rate_init': 0.010305739675105771, 'hidden_layer_sizes': [5, 5]}. Best is trial 15 with value: 0.21298519029399185.
[I 2023-11-06 19:51:18,997] Trial 171 finished with value: 0.26224470878863193 and parameters: {'learning_rate_init': 0.010866370034346418, 'hidden_layer_sizes': [5]}. Best is trial 15 with value: 0.21298519029399185.
[I 2023-11-06 19:51:21,047] Trial 173 finished with value: 0.258342139492358 and parameters: {'learning_rate_init': 0.011085119758073041, 'hidden_layer_sizes': [5, 5]}. Best is trial 15 with value: 0.21298519029399185.
[I 2023-11-06 19:51:23,096] Trial 174 finished with value: 0.25827211550416135 and parameters: {'learning_rate_init': 0.010597714969825308, 'hidden_layer_sizes': [5, 5]}. Best is trial 15 with value: 0.21298519029399185.
[I 2023-11-06 19:51:23,129] Using an existing study with name 'ANN' instead of creating a new one.
[I 2023-11-06 19:51:27,130] Trial 177 finished with value: 2.64621707854734 and parameters: {'learning_rate_init': 0.015062109439345476, 'hidden_layer_sizes': [5, 5, 5]}. Best is trial 15 with value: 0.21298519029399185.
[I 2023-11-06 19:51:27,550] Trial 176 finished with value: 2.486311958793982 and parameters: {'learning_rate_init': 0.044400784658181466, 'hidden_layer_sizes': [20, 20]}. Best is trial 15 with value: 0.21298519029399185.
[I 2023-11-06 19:51:27,656] Trial 179 finished with value: 2.6654744522265683 and parameters: {'learning_rate_init': 0.0438350900439679, 'hidden_layer_sizes': [5, 5, 5]}. Best is trial 15 with value: 0.21298519029399185.
[I 2023-11-06 19:51:28,105] Trial 175 finished with value: 2.7395228221290995 and parameters: {'learning_rate_init': 0.014965488323612608, 'hidden_layer_sizes': [5, 5, 5]}. Best is trial 15 with value: 0.21298519029399185.
[I 2023-11-06 19:51:28,116] Trial 178 finished with value: 1.8368870525739982 and parameters: {'learning_rate_init': 0.04296366292779504, 'hidden_layer_sizes': [20, 20]}. Best is trial 15 with value: 0.21298519029399185.
[I 2023-11-06 19:51:28,169] Using an existing study with name 'ANN' instead of creating a new one.
[I 2023-11-06 19:51:35,900] Trial 183 finished with value: 0.2521482811537124 and parameters: {'learning_rate_init': 0.04844416772191714, 'hidden_layer_sizes': [5]}. Best is trial 15 with value: 0.21298519029399185.
[I 2023-11-06 19:51:35,969] Trial 181 finished with value: 0.25395478010379574 and parameters: {'learning_rate_init': 0.006294864696925261, 'hidden_layer_sizes': [5]}. Best is trial 15 with value: 0.21298519029399185.
[I 2023-11-06 19:51:36,150] Trial 182 finished with value: 0.2233286228557448 and parameters: {'learning_rate_init': 0.047161566245667176, 'hidden_layer_sizes': [5]}. Best is trial 15 with value: 0.21298519029399185.
