[I 2023-11-06 20:01:41,726] Trial 270 finished with value: 0.2234488762704043 and parameters: {'learning_rate_init': 0.005675050996343054, 'hidden_layer_sizes': [10]}. Best is trial 15 with value: 0.21298519029399185.
[I 2023-11-06 20:01:41,790] Using an existing study with name 'ANN' instead of creating a new one.
slurmstepd: error: *** JOB 330300 ON cn044 CANCELLED AT 2023-11-06T20:02:30 DUE TO TIME LIMIT ***
