[I 2023-11-06 19:32:39,482] A new study created in Journal with name: ANN
[I 2023-11-06 19:32:47,018] Trial 2 finished with value: 0.2223836385962259 and parameters: {'learning_rate_init': 0.049054369700584, 'hidden_layer_sizes': [20]}. Best is trial 2 with value: 0.2223836385962259.
[I 2023-11-06 19:32:47,115] Trial 4 finished with value: 0.23735224352101267 and parameters: {'learning_rate_init': 0.010505709431660099, 'hidden_layer_sizes': [5, 5]}. Best is trial 2 with value: 0.2223836385962259.
[I 2023-11-06 19:32:47,401] Trial 3 finished with value: 0.2584618327577552 and parameters: {'learning_rate_init': 0.09617625356684956, 'hidden_layer_sizes': [5, 5, 5]}. Best is trial 2 with value: 0.2223836385962259.
[I 2023-11-06 19:32:47,427] Trial 0 finished with value: 0.2971122391254412 and parameters: {'learning_rate_init': 0.0837960563813386, 'hidden_layer_sizes': [5]}. Best is trial 2 with value: 0.2223836385962259.
[I 2023-11-06 19:32:47,502] Trial 1 finished with value: 0.2313897747807705 and parameters: {'learning_rate_init': 0.003365669963327598, 'hidden_layer_sizes': [5]}. Best is trial 2 with value: 0.2223836385962259.
[I 2023-11-06 19:32:47,508] Using an existing study with name 'ANN' instead of creating a new one.
[I 2023-11-06 19:34:36,313] Trial 9 finished with value: 0.29035383820719446 and parameters: {'learning_rate_init': 0.0955452708107439, 'hidden_layer_sizes': [50, 50, 50]}. Best is trial 2 with value: 0.2223836385962259.
[I 2023-11-06 19:34:36,566] Trial 7 finished with value: 0.28814225766798846 and parameters: {'learning_rate_init': 0.0459660262274339, 'hidden_layer_sizes': [20, 20]}. Best is trial 2 with value: 0.2223836385962259.
[I 2023-11-06 19:34:37,043] Trial 8 finished with value: 0.29131784646385717 and parameters: {'learning_rate_init': 0.08689882391749737, 'hidden_layer_sizes': [5]}. Best is trial 2 with value: 0.2223836385962259.
[I 2023-11-06 19:34:37,555] Trial 6 finished with value: 0.2942771597049695 and parameters: {'learning_rate_init': 0.0370538293245593, 'hidden_layer_sizes': [20, 20]}. Best is trial 2 with value: 0.2223836385962259.
[I 2023-11-06 19:34:38,972] Trial 5 finished with value: 0.2917742363624955 and parameters: {'learning_rate_init': 0.07784547651977478, 'hidden_layer_sizes': [20, 20]}. Best is trial 2 with value: 0.2223836385962259.
[I 2023-11-06 19:34:38,979] Using an existing study with name 'ANN' instead of creating a new one.
[I 2023-11-06 19:34:51,315] Trial 12 finished with value: 0.35235477346324284 and parameters: {'learning_rate_init': 0.06091795228062504, 'hidden_layer_sizes': [20]}. Best is trial 2 with value: 0.2223836385962259.
[I 2023-11-06 19:34:51,421] Trial 10 finished with value: 0.35110752093997527 and parameters: {'learning_rate_init': 0.06174680758462861, 'hidden_layer_sizes': [20]}. Best is trial 2 with value: 0.2223836385962259.
[I 2023-11-06 19:34:51,901] Trial 13 finished with value: 0.3467335755104291 and parameters: {'learning_rate_init': 0.06494739223108713, 'hidden_layer_sizes': [20]}. Best is trial 2 with value: 0.2223836385962259.
[I 2023-11-06 19:34:51,983] Trial 14 finished with value: 0.33028049598740744 and parameters: {'learning_rate_init': 0.06631414657449561, 'hidden_layer_sizes': [20]}. Best is trial 2 with value: 0.2223836385962259.
[I 2023-11-06 19:34:52,351] Trial 11 finished with value: 0.32036603668071567 and parameters: {'learning_rate_init': 0.06372800411872612, 'hidden_layer_sizes': [20]}. Best is trial 2 with value: 0.2223836385962259.
[I 2023-11-06 19:34:52,359] Using an existing study with name 'ANN' instead of creating a new one.
[I 2023-11-06 19:34:59,186] Trial 16 finished with value: 0.26843207002858355 and parameters: {'learning_rate_init': 0.009998985379073112, 'hidden_layer_sizes': [50]}. Best is trial 2 with value: 0.2223836385962259.
[I 2023-11-06 19:34:59,535] Trial 17 finished with value: 0.26620862512381843 and parameters: {'learning_rate_init': 0.0014347410503149224, 'hidden_layer_sizes': [50]}. Best is trial 2 with value: 0.2223836385962259.
[I 2023-11-06 19:34:59,616] Trial 19 finished with value: 0.26900448361031754 and parameters: {'learning_rate_init': 0.007411511549948409, 'hidden_layer_sizes': [10]}. Best is trial 2 with value: 0.2223836385962259.
[I 2023-11-06 19:34:59,764] Trial 18 finished with value: 0.2459300867088241 and parameters: {'learning_rate_init': 0.004708789504219324, 'hidden_layer_sizes': [50, 50]}. Best is trial 2 with value: 0.2223836385962259.
[I 2023-11-06 19:34:59,902] Trial 15 finished with value: 0.21298519029399185 and parameters: {'learning_rate_init': 0.004543690977591501, 'hidden_layer_sizes': [10, 10]}. Best is trial 15 with value: 0.21298519029399185.
[I 2023-11-06 19:34:59,912] Using an existing study with name 'ANN' instead of creating a new one.
[I 2023-11-06 19:36:31,325] Trial 21 finished with value: 0.27139780707766425 and parameters: {'learning_rate_init': 0.026000792079168385, 'hidden_layer_sizes': [10, 10]}. Best is trial 15 with value: 0.21298519029399185.
[I 2023-11-06 19:36:31,410] Trial 20 finished with value: 0.26270456349512183 and parameters: {'learning_rate_init': 0.02459764695850145, 'hidden_layer_sizes': [10, 10]}. Best is trial 15 with value: 0.21298519029399185.
[I 2023-11-06 19:36:33,925] Trial 22 finished with value: 0.26444767947641273 and parameters: {'learning_rate_init': 0.022821992614110238, 'hidden_layer_sizes': [10, 10]}. Best is trial 15 with value: 0.21298519029399185.
[I 2023-11-06 19:36:35,147] Trial 24 finished with value: 0.2682515852703136 and parameters: {'learning_rate_init': 0.026621397412675083, 'hidden_layer_sizes': [10, 10]}. Best is trial 15 with value: 0.21298519029399185.
[I 2023-11-06 19:36:35,467] Trial 23 finished with value: 0.27267901627960894 and parameters: {'learning_rate_init': 0.026238332259708973, 'hidden_layer_sizes': [10, 10]}. Best is trial 15 with value: 0.21298519029399185.
[I 2023-11-06 19:36:35,476] Using an existing study with name 'ANN' instead of creating a new one.
[I 2023-11-06 19:36:47,095] Trial 28 finished with value: 0.3317598437591028 and parameters: {'learning_rate_init': 0.014859193875803173, 'hidden_layer_sizes': [10, 10, 10]}. Best is trial 15 with value: 0.21298519029399185.
[I 2023-11-06 19:36:47,614] Trial 27 finished with value: 0.33618449048234184 and parameters: {'learning_rate_init': 0.016584870219076016, 'hidden_layer_sizes': [10, 10, 10]}. Best is trial 15 with value: 0.21298519029399185.
[I 2023-11-06 19:36:48,743] Trial 26 finished with value: 0.330900038941176 and parameters: {'learning_rate_init': 0.016249629742953235, 'hidden_layer_sizes': [10, 10, 10]}. Best is trial 15 with value: 0.21298519029399185.
[I 2023-11-06 19:36:48,801] Trial 25 finished with value: 0.3152192898107391 and parameters: {'learning_rate_init': 0.016193922670666584, 'hidden_layer_sizes': [10, 10, 10]}. Best is trial 15 with value: 0.21298519029399185.
[I 2023-11-06 19:36:49,279] Trial 29 finished with value: 0.34149982049171324 and parameters: {'learning_rate_init': 0.016155941381172517, 'hidden_layer_sizes': [10, 10, 10]}. Best is trial 15 with value: 0.21298519029399185.
[I 2023-11-06 19:36:49,290] Using an existing study with name 'ANN' instead of creating a new one.
[I 2023-11-06 19:36:56,665] Trial 30 finished with value: 0.2695588006185093 and parameters: {'learning_rate_init': 0.03287264742024676, 'hidden_layer_sizes': [5]}. Best is trial 15 with value: 0.21298519029399185.
[I 2023-11-06 19:36:56,700] Trial 33 finished with value: 0.2912547265435818 and parameters: {'learning_rate_init': 0.044712677206118524, 'hidden_layer_sizes': [5]}. Best is trial 15 with value: 0.21298519029399185.
[I 2023-11-06 19:36:56,755] Trial 34 finished with value: 0.22809500737777824 and parameters: {'learning_rate_init': 0.03543695021245741, 'hidden_layer_sizes': [5]}. Best is trial 15 with value: 0.21298519029399185.
[I 2023-11-06 19:36:56,958] Trial 31 finished with value: 0.2807740359032429 and parameters: {'learning_rate_init': 0.04061225980240438, 'hidden_layer_sizes': [5]}. Best is trial 15 with value: 0.21298519029399185.
[I 2023-11-06 19:36:57,067] Trial 32 finished with value: 0.2531640355189521 and parameters: {'learning_rate_init': 0.0023439916068265527, 'hidden_layer_sizes': [5]}. Best is trial 15 with value: 0.21298519029399185.
[I 2023-11-06 19:36:57,078] Using an existing study with name 'ANN' instead of creating a new one.
[I 2023-11-06 19:38:25,818] Trial 38 finished with value: 0.2928271980355757 and parameters: {'learning_rate_init': 0.05452527899042653, 'hidden_layer_sizes': [5, 5, 5]}. Best is trial 15 with value: 0.21298519029399185.
[I 2023-11-06 19:38:27,469] Trial 37 finished with value: 0.29028364380133276 and parameters: {'learning_rate_init': 0.0339356313177678, 'hidden_layer_sizes': [5, 5, 5]}. Best is trial 15 with value: 0.21298519029399185.
[I 2023-11-06 19:38:28,873] Trial 35 finished with value: 0.29166276798379537 and parameters: {'learning_rate_init': 0.05259509530614759, 'hidden_layer_sizes': [5, 5, 5]}. Best is trial 15 with value: 0.21298519029399185.
[I 2023-11-06 19:38:29,848] Trial 39 finished with value: 0.2924681629481336 and parameters: {'learning_rate_init': 0.05356711209751597, 'hidden_layer_sizes': [5, 5]}. Best is trial 15 with value: 0.21298519029399185.
[I 2023-11-06 19:38:29,875] Trial 36 finished with value: 0.2966786687982103 and parameters: {'learning_rate_init': 0.052257250091485886, 'hidden_layer_sizes': [5, 5, 5]}. Best is trial 15 with value: 0.21298519029399185.
[I 2023-11-06 19:38:29,886] Using an existing study with name 'ANN' instead of creating a new one.
[I 2023-11-06 19:38:43,498] Trial 42 finished with value: 0.3659580652726175 and parameters: {'learning_rate_init': 0.008307429037662661, 'hidden_layer_sizes': [50, 50, 50]}. Best is trial 15 with value: 0.21298519029399185.
[I 2023-11-06 19:38:44,411] Trial 40 finished with value: 0.33664285777820996 and parameters: {'learning_rate_init': 0.00902161985836315, 'hidden_layer_sizes': [50, 50, 50]}. Best is trial 15 with value: 0.21298519029399185.
[I 2023-11-06 19:38:44,606] Trial 41 finished with value: 0.33093352758999073 and parameters: {'learning_rate_init': 0.008237864378629091, 'hidden_layer_sizes': [50, 50, 50]}. Best is trial 15 with value: 0.21298519029399185.
[I 2023-11-06 19:38:45,062] Trial 44 finished with value: 0.3348665630336248 and parameters: {'learning_rate_init': 0.00800741962676545, 'hidden_layer_sizes': [50, 50]}. Best is trial 15 with value: 0.21298519029399185.
[I 2023-11-06 19:38:45,293] Trial 43 finished with value: 0.32676028339834245 and parameters: {'learning_rate_init': 0.008648301251171699, 'hidden_layer_sizes': [50, 50, 50]}. Best is trial 15 with value: 0.21298519029399185.
[I 2023-11-06 19:38:45,305] Using an existing study with name 'ANN' instead of creating a new one.
[I 2023-11-06 19:38:48,772] Trial 48 finished with value: 4.010610961529909 and parameters: {'learning_rate_init': 0.0032518573096846602, 'hidden_layer_sizes': [5, 5]}. Best is trial 15 with value: 0.21298519029399185.
[I 2023-11-06 19:38:48,794] Trial 49 finished with value: 4.751702931826586 and parameters: {'learning_rate_init': 0.0011435619440907374, 'hidden_layer_sizes': [5, 5]}. Best is trial 15 with value: 0.21298519029399185.
[I 2023-11-06 19:38:49,189] Trial 47 finished with value: 4.3332151885776 and parameters: {'learning_rate_init': 0.002154554394789337, 'hidden_layer_sizes': [5, 5]}. Best is trial 15 with value: 0.21298519029399185.
[I 2023-11-06 19:38:49,299] Trial 46 finished with value: 4.312174556797591 and parameters: {'learning_rate_init': 0.002990220617549828, 'hidden_layer_sizes': [5, 5]}. Best is trial 15 with value: 0.21298519029399185.
[I 2023-11-06 19:38:49,475] Trial 45 finished with value: 4.569739840180786 and parameters: {'learning_rate_init': 0.0021303545464248144, 'hidden_layer_sizes': [5, 5]}. Best is trial 15 with value: 0.21298519029399185.
[I 2023-11-06 19:38:49,489] Using an existing study with name 'ANN' instead of creating a new one.
[I 2023-11-06 19:39:49,051] Trial 51 finished with value: 0.2666287814076466 and parameters: {'learning_rate_init': 0.020975161435746223, 'hidden_layer_sizes': [20, 20]}. Best is trial 15 with value: 0.21298519029399185.
[I 2023-11-06 19:39:49,438] Trial 52 finished with value: 0.2661688583471844 and parameters: {'learning_rate_init': 0.013296351143864758, 'hidden_layer_sizes': [10]}. Best is trial 15 with value: 0.21298519029399185.
[I 2023-11-06 19:39:49,633] Trial 50 finished with value: 0.26737858275606036 and parameters: {'learning_rate_init': 0.013646235049188927, 'hidden_layer_sizes': [20, 20]}. Best is trial 15 with value: 0.21298519029399185.
[I 2023-11-06 19:39:50,388] Trial 54 finished with value: 0.2595737255593902 and parameters: {'learning_rate_init': 0.012110565565807687, 'hidden_layer_sizes': [20, 20]}. Best is trial 15 with value: 0.21298519029399185.
[I 2023-11-06 19:39:53,317] Trial 53 finished with value: 0.25791825333886526 and parameters: {'learning_rate_init': 0.02126316388304371, 'hidden_layer_sizes': [20]}. Best is trial 15 with value: 0.21298519029399185.
[I 2023-11-06 19:39:53,331] Using an existing study with name 'ANN' instead of creating a new one.
[I 2023-11-06 19:39:57,218] Trial 59 finished with value: 2.8938805971732506 and parameters: {'learning_rate_init': 0.006061552083241141, 'hidden_layer_sizes': [50, 50]}. Best is trial 15 with value: 0.21298519029399185.
[I 2023-11-06 19:39:57,414] Trial 55 finished with value: 2.20628591992577 and parameters: {'learning_rate_init': 0.006601434614977908, 'hidden_layer_sizes': [50, 50]}. Best is trial 15 with value: 0.21298519029399185.
[I 2023-11-06 19:39:58,562] Trial 57 finished with value: 1.8197214551659713 and parameters: {'learning_rate_init': 0.0053604330634595704, 'hidden_layer_sizes': [50, 50]}. Best is trial 15 with value: 0.21298519029399185.
[I 2023-11-06 19:39:58,787] Trial 56 finished with value: 1.8365845660646105 and parameters: {'learning_rate_init': 0.004849744975631361, 'hidden_layer_sizes': [50, 50]}. Best is trial 15 with value: 0.21298519029399185.
[I 2023-11-06 19:39:59,418] Trial 58 finished with value: 1.226642032778739 and parameters: {'learning_rate_init': 0.019274493987961702, 'hidden_layer_sizes': [50, 50]}. Best is trial 15 with value: 0.21298519029399185.
[I 2023-11-06 19:39:59,433] Using an existing study with name 'ANN' instead of creating a new one.
[I 2023-11-06 19:40:02,690] Trial 62 finished with value: 4.269688139888738 and parameters: {'learning_rate_init': 0.011458216354459708, 'hidden_layer_sizes': [5]}. Best is trial 15 with value: 0.21298519029399185.
[I 2023-11-06 19:40:02,887] Trial 60 finished with value: 3.759212665770723 and parameters: {'learning_rate_init': 0.010713184831852835, 'hidden_layer_sizes': [5]}. Best is trial 15 with value: 0.21298519029399185.
[I 2023-11-06 19:40:03,662] Trial 64 finished with value: 3.1801831469946094 and parameters: {'learning_rate_init': 0.011287793005631697, 'hidden_layer_sizes': [5]}. Best is trial 15 with value: 0.21298519029399185.
[I 2023-11-06 19:40:04,077] Trial 61 finished with value: 3.8612902160957496 and parameters: {'learning_rate_init': 0.010756717073005826, 'hidden_layer_sizes': [5]}. Best is trial 15 with value: 0.21298519029399185.
[I 2023-11-06 19:40:04,151] Trial 63 finished with value: 2.5782743892266646 and parameters: {'learning_rate_init': 0.011359186858531413, 'hidden_layer_sizes': [5]}. Best is trial 15 with value: 0.21298519029399185.
[I 2023-11-06 19:40:04,167] Using an existing study with name 'ANN' instead of creating a new one.
[I 2023-11-06 19:40:51,520] Trial 68 finished with value: 0.253333818806388 and parameters: {'learning_rate_init': 0.005992664213891877, 'hidden_layer_sizes': [50]}. Best is trial 15 with value: 0.21298519029399185.
[I 2023-11-06 19:40:56,974] Trial 65 finished with value: 0.256574980228719 and parameters: {'learning_rate_init': 0.00481064284624735, 'hidden_layer_sizes': [50]}. Best is trial 15 with value: 0.21298519029399185.
[I 2023-11-06 19:40:57,467] Trial 67 finished with value: 0.25594951220692647 and parameters: {'learning_rate_init': 0.0010096655624133527, 'hidden_layer_sizes': [50]}. Best is trial 15 with value: 0.21298519029399185.
[I 2023-11-06 19:40:57,727] Trial 66 finished with value: 0.2568203863859078 and parameters: {'learning_rate_init': 0.004545485623350961, 'hidden_layer_sizes': [50]}. Best is trial 15 with value: 0.21298519029399185.
[I 2023-11-06 19:40:58,601] Trial 69 finished with value: 0.25550167427779186 and parameters: {'learning_rate_init': 0.0010215619218179558, 'hidden_layer_sizes': [50]}. Best is trial 15 with value: 0.21298519029399185.
[I 2023-11-06 19:40:58,617] Using an existing study with name 'ANN' instead of creating a new one.
[I 2023-11-06 19:41:01,549] Trial 73 finished with value: 2.759929770557516 and parameters: {'learning_rate_init': 0.02900674107261447, 'hidden_layer_sizes': [20]}. Best is trial 15 with value: 0.21298519029399185.
[I 2023-11-06 19:41:02,282] Trial 72 finished with value: 3.494291770000624 and parameters: {'learning_rate_init': 0.027679424675028156, 'hidden_layer_sizes': [20]}. Best is trial 15 with value: 0.21298519029399185.
[I 2023-11-06 19:41:03,507] Trial 70 finished with value: 1.7870307583195066 and parameters: {'learning_rate_init': 0.014212190279500256, 'hidden_layer_sizes': [20]}. Best is trial 15 with value: 0.21298519029399185.
[I 2023-11-06 19:41:03,731] Trial 71 finished with value: 1.497058505757698 and parameters: {'learning_rate_init': 0.01657777128765699, 'hidden_layer_sizes': [20]}. Best is trial 15 with value: 0.21298519029399185.
[I 2023-11-06 19:41:04,355] Trial 74 finished with value: 1.6051657731348439 and parameters: {'learning_rate_init': 0.017409640661716443, 'hidden_layer_sizes': [20]}. Best is trial 15 with value: 0.21298519029399185.
[I 2023-11-06 19:41:04,372] Using an existing study with name 'ANN' instead of creating a new one.
[I 2023-11-06 19:41:07,071] Trial 76 finished with value: 3.6133724208674294 and parameters: {'learning_rate_init': 0.006712775951229852, 'hidden_layer_sizes': [10, 10]}. Best is trial 15 with value: 0.21298519029399185.
[I 2023-11-06 19:41:07,472] Trial 77 finished with value: 6.324013423902329 and parameters: {'learning_rate_init': 0.006584097000949974, 'hidden_layer_sizes': [10, 10]}. Best is trial 15 with value: 0.21298519029399185.
[I 2023-11-06 19:41:08,280] Trial 78 finished with value: 3.847558807759242 and parameters: {'learning_rate_init': 0.0058944895402033605, 'hidden_layer_sizes': [10, 10]}. Best is trial 15 with value: 0.21298519029399185.
[I 2023-11-06 19:41:08,342] Trial 75 finished with value: 3.9938506210287343 and parameters: {'learning_rate_init': 0.00642412916942468, 'hidden_layer_sizes': [10, 10]}. Best is trial 15 with value: 0.21298519029399185.
[I 2023-11-06 19:41:09,551] Trial 79 finished with value: 3.3409827270530976 and parameters: {'learning_rate_init': 0.007003290067624062, 'hidden_layer_sizes': [10, 10]}. Best is trial 15 with value: 0.21298519029399185.
[I 2023-11-06 19:41:09,568] Using an existing study with name 'ANN' instead of creating a new one.
[I 2023-11-06 19:42:00,765] Trial 80 finished with value: 0.2599469584543163 and parameters: {'learning_rate_init': 0.02341912297617943, 'hidden_layer_sizes': [5]}. Best is trial 15 with value: 0.21298519029399185.
[I 2023-11-06 19:42:03,168] Trial 81 finished with value: 0.2622711680898077 and parameters: {'learning_rate_init': 0.024327318318386595, 'hidden_layer_sizes': [5]}. Best is trial 15 with value: 0.21298519029399185.
[I 2023-11-06 19:42:05,881] Trial 84 finished with value: 0.2693533039080502 and parameters: {'learning_rate_init': 0.03749459183992632, 'hidden_layer_sizes': [5]}. Best is trial 15 with value: 0.21298519029399185.
[I 2023-11-06 19:42:06,122] Trial 82 finished with value: 0.25916898021468615 and parameters: {'learning_rate_init': 0.03988119757624947, 'hidden_layer_sizes': [5]}. Best is trial 15 with value: 0.21298519029399185.
[I 2023-11-06 19:42:06,361] Trial 83 finished with value: 0.2620326346344357 and parameters: {'learning_rate_init': 0.018658983057645892, 'hidden_layer_sizes': [5]}. Best is trial 15 with value: 0.21298519029399185.
[I 2023-11-06 19:42:06,379] Using an existing study with name 'ANN' instead of creating a new one.
[I 2023-11-06 19:42:10,849] Trial 86 finished with value: 2.4757991722380743 and parameters: {'learning_rate_init': 0.003580400599785464, 'hidden_layer_sizes': [50]}. Best is trial 15 with value: 0.21298519029399185.
[I 2023-11-06 19:42:10,926] Trial 88 finished with value: 2.3058823744117807 and parameters: {'learning_rate_init': 0.003676867181172774, 'hidden_layer_sizes': [50]}. Best is trial 15 with value: 0.21298519029399185.
[I 2023-11-06 19:42:11,041] Trial 85 finished with value: 1.9504990026830544 and parameters: {'learning_rate_init': 0.0040933459792376016, 'hidden_layer_sizes': [50]}. Best is trial 15 with value: 0.21298519029399185.
[I 2023-11-06 19:42:11,229] Trial 89 finished with value: 1.7727594849945614 and parameters: {'learning_rate_init': 0.0038531983138699907, 'hidden_layer_sizes': [50]}. Best is trial 15 with value: 0.21298519029399185.
[I 2023-11-06 19:42:11,517] Trial 87 finished with value: 2.334475077576788 and parameters: {'learning_rate_init': 0.0010767405469876287, 'hidden_layer_sizes': [50]}. Best is trial 15 with value: 0.21298519029399185.
[I 2023-11-06 19:42:11,715] Using an existing study with name 'ANN' instead of creating a new one.
[I 2023-11-06 19:42:19,405] Trial 90 finished with value: 0.24653187567272497 and parameters: {'learning_rate_init': 0.008455813390603147, 'hidden_layer_sizes': [5, 5]}. Best is trial 15 with value: 0.21298519029399185.
[I 2023-11-06 19:42:19,695] Trial 92 finished with value: 0.2448440147757874 and parameters: {'learning_rate_init': 0.00928731583922467, 'hidden_layer_sizes': [10]}. Best is trial 15 with value: 0.21298519029399185.
